Build started 12/5/2014 12:41:06 AM.
     1>Project "C:\Users\jmluc_000\Documents\Visual Studio 2013\Projects\Apriori\FinalProject\FinalProject.vcxproj" on node 2 (Build target(s)).
     1>ClCompile:
         C:\Program Files (x86)\Microsoft Visual Studio 12.0\VC\bin\CL.exe /c /ZI /nologo /W3 /WX- /Od /Oy- /D WIN32 /D _DEBUG /D _CONSOLE /D _LIB /D _UNICODE /D UNICODE /Gm /EHsc /RTC1 /MDd /GS /fp:precise /Zc:wchar_t /Zc:forScope /Fo"Debug\\" /Fd"Debug\vc120.pdb" /Gd /TP /analyze- /errorReport:prompt functions.cpp main.cpp timerSystem.cpp
         timerSystem.cpp
         main.cpp
     1>c:\users\jmluc_000\documents\visual studio 2013\projects\apriori\finalproject\main.cpp(6): warning C4305: 'argument' : truncation from 'double' to 'float'
         functions.cpp
         Generating Code...
       Link:
         C:\Program Files (x86)\Microsoft Visual Studio 12.0\VC\bin\link.exe /ERRORREPORT:PROMPT /OUT:"C:\Users\jmluc_000\Documents\Visual Studio 2013\Projects\Apriori\Debug\FinalProject.exe" /INCREMENTAL /NOLOGO kernel32.lib user32.lib gdi32.lib winspool.lib comdlg32.lib advapi32.lib shell32.lib ole32.lib oleaut32.lib uuid.lib odbc32.lib odbccp32.lib /MANIFEST /MANIFESTUAC:"level='asInvoker' uiAccess='false'" /manifest:embed /DEBUG /PDB:"C:\Users\jmluc_000\Documents\Visual Studio 2013\Projects\Apriori\Debug\FinalProject.pdb" /SUBSYSTEM:CONSOLE /TLBID:1 /DYNAMICBASE /NXCOMPAT /IMPLIB:"C:\Users\jmluc_000\Documents\Visual Studio 2013\Projects\Apriori\Debug\FinalProject.lib" /MACHINE:X86 Debug\functions.obj
         Debug\main.obj
         Debug\timerSystem.obj
     1>main.obj : error LNK2005: "public: __thiscall BST_Node_Candidate::BST_Node_Candidate(class Candidate<int> *)" (??0BST_Node_Candidate@@QAE@PAV?$Candidate@H@@@Z) already defined in functions.obj
     1>main.obj : error LNK2005: "public: __thiscall BST_Node_Candidate::BST_Node_Candidate(class Candidate<int> *,struct BST_Node_Candidate *,struct BST_Node_Candidate *)" (??0BST_Node_Candidate@@QAE@PAV?$Candidate@H@@PAU0@1@Z) already defined in functions.obj
     1>main.obj : error LNK2005: "public: __thiscall BST_Node_Candidate::BST_Node_Candidate(void)" (??0BST_Node_Candidate@@QAE@XZ) already defined in functions.obj
     1>main.obj : error LNK2005: "public: __thiscall BST_Node_Candidate::~BST_Node_Candidate(void)" (??1BST_Node_Candidate@@QAE@XZ) already defined in functions.obj
     1>main.obj : error LNK2005: "public: void __thiscall BST_Node_Candidate::add(class Candidate<int> *)" (?add@BST_Node_Candidate@@QAEXPAV?$Candidate@H@@@Z) already defined in functions.obj
     1>main.obj : error LNK2005: "public: bool __thiscall BST_Node_Candidate::isExist(class Candidate<int> *)" (?isExist@BST_Node_Candidate@@QAE_NPAV?$Candidate@H@@@Z) already defined in functions.obj
     1>main.obj : error LNK2005: "public: void __thiscall BST_Node_Candidate::prune(class Transaction<int> *,class DDLinkedList<class Candidate<int> *> *,struct BST_Node_Candidate *)" (?prune@BST_Node_Candidate@@QAEXPAV?$Transaction@H@@PAV?$DDLinkedList@PAV?$Candidate@H@@@@PAU1@@Z) already defined in functions.obj
     1>timerSystem.obj : error LNK2005: "public: __thiscall BST_Node_Candidate::BST_Node_Candidate(class Candidate<int> *)" (??0BST_Node_Candidate@@QAE@PAV?$Candidate@H@@@Z) already defined in functions.obj
     1>timerSystem.obj : error LNK2005: "public: __thiscall BST_Node_Candidate::BST_Node_Candidate(class Candidate<int> *,struct BST_Node_Candidate *,struct BST_Node_Candidate *)" (??0BST_Node_Candidate@@QAE@PAV?$Candidate@H@@PAU0@1@Z) already defined in functions.obj
     1>timerSystem.obj : error LNK2005: "public: __thiscall BST_Node_Candidate::BST_Node_Candidate(void)" (??0BST_Node_Candidate@@QAE@XZ) already defined in functions.obj
     1>timerSystem.obj : error LNK2005: "public: __thiscall BST_Node_Candidate::~BST_Node_Candidate(void)" (??1BST_Node_Candidate@@QAE@XZ) already defined in functions.obj
     1>timerSystem.obj : error LNK2005: "public: void __thiscall BST_Node_Candidate::add(class Candidate<int> *)" (?add@BST_Node_Candidate@@QAEXPAV?$Candidate@H@@@Z) already defined in functions.obj
     1>timerSystem.obj : error LNK2005: "public: bool __thiscall BST_Node_Candidate::isExist(class Candidate<int> *)" (?isExist@BST_Node_Candidate@@QAE_NPAV?$Candidate@H@@@Z) already defined in functions.obj
     1>timerSystem.obj : error LNK2005: "public: void __thiscall BST_Node_Candidate::prune(class Transaction<int> *,class DDLinkedList<class Candidate<int> *> *,struct BST_Node_Candidate *)" (?prune@BST_Node_Candidate@@QAEXPAV?$Transaction@H@@PAV?$DDLinkedList@PAV?$Candidate@H@@@@PAU1@@Z) already defined in functions.obj
     1>C:\Users\jmluc_000\Documents\Visual Studio 2013\Projects\Apriori\Debug\FinalProject.exe : fatal error LNK1169: one or more multiply defined symbols found
     1>Done Building Project "C:\Users\jmluc_000\Documents\Visual Studio 2013\Projects\Apriori\FinalProject\FinalProject.vcxproj" (Build target(s)) -- FAILED.

Build FAILED.

Time Elapsed 00:00:03.16
