<<<<<<< HEAD
﻿Build started 12/4/2014 10:10:24 PM.
     1>Project "C:\Users\jmluc_000\Documents\Visual Studio 2013\Projects\Apriori\FinalProject\FinalProject.vcxproj" on node 2 (Build target(s)).
     1>ClCompile:
         C:\Program Files (x86)\Microsoft Visual Studio 12.0\VC\bin\CL.exe /c /ZI /nologo /W3 /WX- /Od /Oy- /D WIN32 /D _DEBUG /D _CONSOLE /D _LIB /D _UNICODE /D UNICODE /Gm /EHsc /RTC1 /MDd /GS /fp:precise /Zc:wchar_t /Zc:forScope /Fo"Debug\\" /Fd"Debug\vc120.pdb" /Gd /TP /analyze- /errorReport:prompt functions.cpp main.cpp timerSystem.cpp
         timerSystem.cpp
     1>c:\users\jmluc_000\documents\visual studio 2013\projects\apriori\finalproject\transaction.h(23): error C2061: syntax error : identifier 'Candidate'
                 c:\users\jmluc_000\documents\visual studio 2013\projects\apriori\finalproject\transaction.h(24) : see reference to class template instantiation 'Transaction<T>' being compiled
     1>c:\users\jmluc_000\documents\visual studio 2013\projects\apriori\finalproject\bst-node.h(79): error C2059: syntax error : '='
     1>c:\users\jmluc_000\documents\visual studio 2013\projects\apriori\finalproject\bst-node.h(108): error C2244: 'BST_Node_Candidate::{ctor}' : unable to match function definition to an existing declaration
                 definition
                 'BST_Node_Candidate::BST_Node_Candidate(Candidate<int> *,BST_Node_Candidate *,BST_Node_Candidate *)'
                 existing declarations
                 'BST_Node_Candidate::BST_Node_Candidate(const BST_Node_Candidate &)'
                 'BST_Node_Candidate::BST_Node_Candidate(Candidate<int> *,BST_Node_Candidate *,BST_Node_Candidate *)'
                 'BST_Node_Candidate::BST_Node_Candidate(Candidate<int> *)'
                 'BST_Node_Candidate::BST_Node_Candidate(void)'
     1>c:\users\jmluc_000\documents\visual studio 2013\projects\apriori\finalproject\bst-node.h(112): error C2664: 'bool Candidate<int>::isIn(Transaction *)' : cannot convert argument 1 from 'Transaction<int> *' to 'Transaction *'
                 Types pointed to are unrelated; conversion requires reinterpret_cast, C-style cast or function-style cast
     1>c:\users\jmluc_000\documents\visual studio 2013\projects\apriori\finalproject\database.h(150): error C2244: 'Database<T>::prune' : unable to match function definition to an existing declaration
                 c:\users\jmluc_000\documents\visual studio 2013\projects\apriori\finalproject\database.h(24) : see declaration of 'Database<T>::prune'
                 definition
                 'DDLinkedList<Candidate<T>*> *Database<T>::prune(DDLinkedList<Candidate<T>*> *,int)'
                 existing declarations
                 'DDLinkedList<Candidate<T>*> *Database<T>::prune(DDLinkedList<Candidate<T>*> *)'
         main.cpp
     1>c:\users\jmluc_000\documents\visual studio 2013\projects\apriori\finalproject\transaction.h(23): error C2061: syntax error : identifier 'Candidate'
                 c:\users\jmluc_000\documents\visual studio 2013\projects\apriori\finalproject\transaction.h(24) : see reference to class template instantiation 'Transaction<T>' being compiled
     1>c:\users\jmluc_000\documents\visual studio 2013\projects\apriori\finalproject\bst-node.h(79): error C2059: syntax error : '='
     1>c:\users\jmluc_000\documents\visual studio 2013\projects\apriori\finalproject\bst-node.h(108): error C2244: 'BST_Node_Candidate::{ctor}' : unable to match function definition to an existing declaration
                 definition
                 'BST_Node_Candidate::BST_Node_Candidate(Candidate<int> *,BST_Node_Candidate *,BST_Node_Candidate *)'
                 existing declarations
                 'BST_Node_Candidate::BST_Node_Candidate(const BST_Node_Candidate &)'
                 'BST_Node_Candidate::BST_Node_Candidate(Candidate<int> *,BST_Node_Candidate *,BST_Node_Candidate *)'
                 'BST_Node_Candidate::BST_Node_Candidate(Candidate<int> *)'
                 'BST_Node_Candidate::BST_Node_Candidate(void)'
     1>c:\users\jmluc_000\documents\visual studio 2013\projects\apriori\finalproject\bst-node.h(112): error C2664: 'bool Candidate<int>::isIn(Transaction *)' : cannot convert argument 1 from 'Transaction<int> *' to 'Transaction *'
                 Types pointed to are unrelated; conversion requires reinterpret_cast, C-style cast or function-style cast
     1>c:\users\jmluc_000\documents\visual studio 2013\projects\apriori\finalproject\database.h(150): error C2244: 'Database<T>::prune' : unable to match function definition to an existing declaration
                 c:\users\jmluc_000\documents\visual studio 2013\projects\apriori\finalproject\database.h(24) : see declaration of 'Database<T>::prune'
                 definition
                 'DDLinkedList<Candidate<T>*> *Database<T>::prune(DDLinkedList<Candidate<T>*> *,int)'
                 existing declarations
                 'DDLinkedList<Candidate<T>*> *Database<T>::prune(DDLinkedList<Candidate<T>*> *)'
         functions.cpp
     1>c:\users\jmluc_000\documents\visual studio 2013\projects\apriori\finalproject\transaction.h(23): error C2061: syntax error : identifier 'Candidate'
                 c:\users\jmluc_000\documents\visual studio 2013\projects\apriori\finalproject\transaction.h(24) : see reference to class template instantiation 'Transaction<T>' being compiled
     1>c:\users\jmluc_000\documents\visual studio 2013\projects\apriori\finalproject\bst-node.h(79): error C2059: syntax error : '='
     1>c:\users\jmluc_000\documents\visual studio 2013\projects\apriori\finalproject\bst-node.h(108): error C2244: 'BST_Node_Candidate::{ctor}' : unable to match function definition to an existing declaration
                 definition
                 'BST_Node_Candidate::BST_Node_Candidate(Candidate<int> *,BST_Node_Candidate *,BST_Node_Candidate *)'
                 existing declarations
                 'BST_Node_Candidate::BST_Node_Candidate(const BST_Node_Candidate &)'
                 'BST_Node_Candidate::BST_Node_Candidate(Candidate<int> *,BST_Node_Candidate *,BST_Node_Candidate *)'
                 'BST_Node_Candidate::BST_Node_Candidate(Candidate<int> *)'
                 'BST_Node_Candidate::BST_Node_Candidate(void)'
     1>c:\users\jmluc_000\documents\visual studio 2013\projects\apriori\finalproject\bst-node.h(112): error C2664: 'bool Candidate<int>::isIn(Transaction *)' : cannot convert argument 1 from 'Transaction<int> *' to 'Transaction *'
                 Types pointed to are unrelated; conversion requires reinterpret_cast, C-style cast or function-style cast
     1>c:\users\jmluc_000\documents\visual studio 2013\projects\apriori\finalproject\database.h(150): error C2244: 'Database<T>::prune' : unable to match function definition to an existing declaration
                 c:\users\jmluc_000\documents\visual studio 2013\projects\apriori\finalproject\database.h(24) : see declaration of 'Database<T>::prune'
                 definition
                 'DDLinkedList<Candidate<T>*> *Database<T>::prune(DDLinkedList<Candidate<T>*> *,int)'
                 existing declarations
                 'DDLinkedList<Candidate<T>*> *Database<T>::prune(DDLinkedList<Candidate<T>*> *)'
         Generating Code...
     1>Done Building Project "C:\Users\jmluc_000\Documents\Visual Studio 2013\Projects\Apriori\FinalProject\FinalProject.vcxproj" (Build target(s)) -- FAILED.
=======
﻿Build started 12/4/2014 11:42:08 AM.
     1>Project "C:\Users\Ryan\Documents\GitHub\Apriori\FinalProject\FinalProject.vcxproj" on node 2 (Build target(s)).
     1>ClCompile:
         C:\Program Files (x86)\Microsoft Visual Studio 12.0\VC\bin\CL.exe /c /ZI /nologo /W3 /WX- /Od /Oy- /D WIN32 /D _DEBUG /D _CONSOLE /D _LIB /D _UNICODE /D UNICODE /Gm /EHsc /RTC1 /MDd /GS /fp:precise /Zc:wchar_t /Zc:forScope /Fo"Debug\\" /Fd"Debug\vc120.pdb" /Gd /TP /analyze- /errorReport:prompt functions.cpp main.cpp
         functions.cpp
         Generating Code...
         Compiling...
         main.cpp
     1>c:\users\ryan\documents\github\apriori\finalproject\main.cpp(6): warning C4305: 'argument' : truncation from 'double' to 'float'
     1>c:\users\ryan\documents\github\apriori\finalproject\ddlinkedlist.h(289): warning C4101: 'prev' : unreferenced local variable
                 c:\users\ryan\documents\github\apriori\finalproject\ddlinkedlist.h(286) : while compiling class template member function 'bool DDLinkedList<Candidate<T> *>::insert(Candidate<T>)'
                 with
                 [
                     T=int
                 ]
                 c:\users\ryan\documents\github\apriori\finalproject\database.h(166) : see reference to function template instantiation 'bool DDLinkedList<Candidate<T> *>::insert(Candidate<T>)' being compiled
                 with
                 [
                     T=int
                 ]
                 c:\users\ryan\documents\github\apriori\finalproject\database.h(152) : see reference to class template instantiation 'DDLinkedList<Candidate<T> *>' being compiled
                 with
                 [
                     T=int
                 ]
                 c:\users\ryan\documents\github\apriori\finalproject\database.h(151) : while compiling class template member function 'DDLinkedList<Candidate<T> *> *Database<T>::extract(void)'
                 with
                 [
                     T=int
                 ]
                 c:\users\ryan\documents\github\apriori\finalproject\main.cpp(8) : see reference to function template instantiation 'DDLinkedList<Candidate<T> *> *Database<T>::extract(void)' being compiled
                 with
                 [
                     T=int
                 ]
                 c:\users\ryan\documents\github\apriori\finalproject\main.cpp(6) : see reference to class template instantiation 'Database<int>' being compiled
         Generating Code...
       Link:
         C:\Program Files (x86)\Microsoft Visual Studio 12.0\VC\bin\link.exe /ERRORREPORT:PROMPT /OUT:"C:\Users\Ryan\Documents\GitHub\Apriori\Debug\FinalProject.exe" /INCREMENTAL /NOLOGO kernel32.lib user32.lib gdi32.lib winspool.lib comdlg32.lib advapi32.lib shell32.lib ole32.lib oleaut32.lib uuid.lib odbc32.lib odbccp32.lib /MANIFEST /MANIFESTUAC:"level='asInvoker' uiAccess='false'" /manifest:embed /DEBUG /PDB:"C:\Users\Ryan\Documents\GitHub\Apriori\Debug\FinalProject.pdb" /SUBSYSTEM:CONSOLE /TLBID:1 /DYNAMICBASE /NXCOMPAT /IMPLIB:"C:\Users\Ryan\Documents\GitHub\Apriori\Debug\FinalProject.lib" /MACHINE:X86 Debug\functions.obj
         Debug\main.obj
         FinalProject.vcxproj -> C:\Users\Ryan\Documents\GitHub\Apriori\Debug\FinalProject.exe
     1>Done Building Project "C:\Users\Ryan\Documents\GitHub\Apriori\FinalProject\FinalProject.vcxproj" (Build target(s)).
>>>>>>> Ryan

Build FAILED.

<<<<<<< HEAD
Time Elapsed 00:00:02.00
=======
Time Elapsed 00:00:02.58
>>>>>>> Ryan
